app/build/intermediates/manifest_merge_blame_file/debug/manifest-merger-blame-debug-report.txt
1<?xml version="1.0" encoding="utf-8"?>
2<manifest xmlns:android="http://schemas.android.com/apk/res/android"
3    package="com.bustracking"
4    android:versionCode="1"
5    android:versionName="1.0" >
6
7    <uses-sdk
8        android:minSdkVersion="21"
8-->src\main\AndroidManifest.xml
9        android:targetSdkVersion="26" />
9-->src\main\AndroidManifest.xml
10
11    <uses-permission android:name="android.permission.ACCESS_NETWORK_STATE" />
11-->src\main\AndroidManifest.xml:6:5-79
11-->src\main\AndroidManifest.xml:6:22-76
12    <uses-permission android:name="android.permission.CAMERA" />
12-->src\main\AndroidManifest.xml:7:5-65
12-->src\main\AndroidManifest.xml:7:22-62
13    <uses-permission android:name="android.permission.INTERNET" />
13-->src\main\AndroidManifest.xml:8:5-67
13-->src\main\AndroidManifest.xml:8:22-64
14    <uses-permission android:name="android.permission.WRITE_EXTERNAL_STORAGE" />
14-->src\main\AndroidManifest.xml:9:5-81
14-->src\main\AndroidManifest.xml:9:22-78
15    <uses-permission android:name="android.permission.READ_EXTERNAL_STORAGE" />
15-->src\main\AndroidManifest.xml:10:5-80
15-->src\main\AndroidManifest.xml:10:22-77
16    <uses-permission android:name="android.permission.ACCESS_FINE_LOCATION" />
16-->src\main\AndroidManifest.xml:11:5-79
16-->src\main\AndroidManifest.xml:11:22-76
17    <uses-permission android:name="android.permission.FOREGROUND_SERVICE" />
17-->src\main\AndroidManifest.xml:12:5-77
17-->src\main\AndroidManifest.xml:12:22-74
18
19    <uses-feature
19-->[com.google.android.gms:play-services-maps:17.0.0] AndroidManifest.xml:26:5-28:35
20        android:glEsVersion="0x00020000"
20-->[com.google.android.gms:play-services-maps:17.0.0] AndroidManifest.xml:27:9-41
21        android:required="true" />
21-->[com.google.android.gms:play-services-maps:17.0.0] AndroidManifest.xml:28:9-32
22
23    <uses-permission android:name="android.permission.WAKE_LOCK" /> <!-- Required by older versions of Google Play services to create IID tokens -->
23-->[com.google.firebase:firebase-iid:20.2.3] AndroidManifest.xml:24:5-68
23-->[com.google.firebase:firebase-iid:20.2.3] AndroidManifest.xml:24:22-65
24    <uses-permission android:name="com.google.android.c2dm.permission.RECEIVE" />
24-->[com.google.firebase:firebase-iid:20.2.3] AndroidManifest.xml:26:5-82
24-->[com.google.firebase:firebase-iid:20.2.3] AndroidManifest.xml:26:22-79
25    <uses-permission android:name="com.google.android.finsky.permission.BIND_GET_INSTALL_REFERRER_SERVICE" />
25-->[com.google.android.gms:play-services-measurement:17.4.4] AndroidManifest.xml:26:5-110
25-->[com.google.android.gms:play-services-measurement:17.4.4] AndroidManifest.xml:26:22-107
26
27    <application
27-->src\main\AndroidManifest.xml:14:5-105:19
28        android:name="com.bustracking.UserClient"
28-->src\main\AndroidManifest.xml:15:9-35
29        android:allowBackup="true"
29-->src\main\AndroidManifest.xml:16:9-35
30        android:appComponentFactory="androidx.core.app.CoreComponentFactory"
30-->[androidx.core:core:1.1.0] AndroidManifest.xml:24:18-86
31        android:debuggable="true"
32        android:fitsSystemWindows="true"
32-->src\main\AndroidManifest.xml:17:9-41
33        android:icon="@mipmap/ic_launcher"
33-->src\main\AndroidManifest.xml:18:9-43
34        android:label="@string/app_name"
34-->src\main\AndroidManifest.xml:19:9-41
35        android:supportsRtl="true"
35-->src\main\AndroidManifest.xml:20:9-35
36        android:testOnly="true"
37        android:theme="@style/AppTheme"
37-->src\main\AndroidManifest.xml:21:9-40
38        android:windowSoftInputMode="adjustResize" >
38-->src\main\AndroidManifest.xml:22:9-51
39        <activity android:name="com.bustracking.ui.activity.BarcodeActivity" />
39-->src\main\AndroidManifest.xml:24:9-74
39-->src\main\AndroidManifest.xml:24:19-62
40        <activity android:name="com.bustracking.ui.activity.PermissionRequestAcitivity" />
40-->src\main\AndroidManifest.xml:25:9-76
40-->src\main\AndroidManifest.xml:25:19-73
41        <activity android:name="com.bustracking.ui.activity.BusStopsViewModel" />
41-->src\main\AndroidManifest.xml:26:9-67
41-->src\main\AndroidManifest.xml:26:19-64
42        <activity android:name="com.bustracking.ui.activity.RegisterEmailActivity" />
42-->src\main\AndroidManifest.xml:27:9-71
42-->src\main\AndroidManifest.xml:27:19-68
43
44        <service
44-->src\main\AndroidManifest.xml:29:9-35:19
45            android:name="com.bustracking.notification.FirebaseServices"
45-->src\main\AndroidManifest.xml:30:13-58
46            android:exported="false" >
46-->src\main\AndroidManifest.xml:31:13-37
47            <intent-filter>
47-->src\main\AndroidManifest.xml:32:13-34:29
48                <action android:name="com.google.firebase.MESSAGING_EVENT" />
48-->src\main\AndroidManifest.xml:33:17-78
48-->src\main\AndroidManifest.xml:33:25-75
49            </intent-filter>
50        </service>
51        <service
51-->src\main\AndroidManifest.xml:36:9-38:43
52            android:name="com.bustracking.services.LocationService"
52-->src\main\AndroidManifest.xml:37:13-53
53            android:stopWithTask="true" />
53-->src\main\AndroidManifest.xml:38:13-40
54
55        <meta-data
55-->src\main\AndroidManifest.xml:40:9-42:53
56            android:name="com.google.firebase.messaging.default_notification_color"
56-->src\main\AndroidManifest.xml:41:13-84
57            android:resource="@color/colorAccent" />
57-->src\main\AndroidManifest.xml:42:13-50
58        <meta-data
58-->src\main\AndroidManifest.xml:43:9-45:59
59            android:name="com.google.android.geo.API_KEY"
59-->src\main\AndroidManifest.xml:44:13-58
60            android:value="@string/google_maps_api_key" />
60-->src\main\AndroidManifest.xml:45:13-56
61        <meta-data
61-->src\main\AndroidManifest.xml:46:9-48:69
62            android:name="com.google.android.gms.version"
62-->src\main\AndroidManifest.xml:47:13-58
63            android:value="@integer/google_play_services_version" />
63-->src\main\AndroidManifest.xml:48:13-66
64
65        <uses-library
65-->src\main\AndroidManifest.xml:50:9-52:40
66            android:name="org.apache.http.legacy"
66-->src\main\AndroidManifest.xml:51:13-50
67            android:required="false" />
67-->src\main\AndroidManifest.xml:52:13-37
68
69        <activity
69-->src\main\AndroidManifest.xml:54:9-56:52
70            android:name="com.bustracking.ui.activity.SettingActivity"
70-->src\main\AndroidManifest.xml:55:13-56
71            android:screenOrientation="portrait" />
71-->src\main\AndroidManifest.xml:56:13-49
72        <activity
72-->src\main\AndroidManifest.xml:57:9-59:52
73            android:name="com.bustracking.ui.activity.PackageActivity"
73-->src\main\AndroidManifest.xml:58:13-56
74            android:screenOrientation="portrait" />
74-->src\main\AndroidManifest.xml:59:13-49
75        <activity
75-->src\main\AndroidManifest.xml:60:9-62:52
76            android:name="com.bustracking.ui.activity.OffersActivity"
76-->src\main\AndroidManifest.xml:61:13-55
77            android:screenOrientation="portrait" />
77-->src\main\AndroidManifest.xml:62:13-49
78        <activity
78-->src\main\AndroidManifest.xml:63:9-66:70
79            android:name="com.bustracking.ui.activity.PassengerDetailActivity"
79-->src\main\AndroidManifest.xml:64:13-64
80            android:screenOrientation="portrait"
80-->src\main\AndroidManifest.xml:65:13-49
81            android:windowSoftInputMode="stateHidden|adjustResize" />
81-->src\main\AndroidManifest.xml:66:13-67
82        <activity
82-->src\main\AndroidManifest.xml:67:9-69:52
83            android:name="com.bustracking.ui.activity.DroppingPointActivity"
83-->src\main\AndroidManifest.xml:68:13-62
84            android:screenOrientation="portrait" />
84-->src\main\AndroidManifest.xml:69:13-49
85        <activity
85-->src\main\AndroidManifest.xml:70:9-73:70
86            android:name="com.bustracking.ui.activity.VerificationActivity"
86-->src\main\AndroidManifest.xml:71:13-61
87            android:screenOrientation="portrait"
87-->src\main\AndroidManifest.xml:72:13-49
88            android:windowSoftInputMode="adjustResize|stateHidden" />
88-->src\main\AndroidManifest.xml:73:13-67
89        <activity
89-->src\main\AndroidManifest.xml:74:9-77:57
90            android:name="com.bustracking.ui.activity.SignInActivity"
90-->src\main\AndroidManifest.xml:75:13-55
91            android:screenOrientation="portrait"
91-->src\main\AndroidManifest.xml:76:13-49
92            android:windowSoftInputMode="stateHidden" />
92-->src\main\AndroidManifest.xml:77:13-54
93        <activity
93-->src\main\AndroidManifest.xml:78:9-81:55
94            android:name="com.bustracking.ui.activity.DashboardActivity"
94-->src\main\AndroidManifest.xml:79:13-58
95            android:screenOrientation="portrait"
95-->src\main\AndroidManifest.xml:80:13-49
96            android:windowSoftInputMode="adjustPan" />
96-->src\main\AndroidManifest.xml:81:13-52
97        <activity
97-->src\main\AndroidManifest.xml:82:9-85:55
98            android:name="com.bustracking.ui.activity.SelectionActivity"
98-->src\main\AndroidManifest.xml:83:13-58
99            android:screenOrientation="portrait"
99-->src\main\AndroidManifest.xml:84:13-49
100            android:windowSoftInputMode="adjustPan" />
100-->src\main\AndroidManifest.xml:85:13-52
101        <activity
101-->src\main\AndroidManifest.xml:86:9-94:20
102            android:name="com.bustracking.ui.activity.SplashActivity"
102-->src\main\AndroidManifest.xml:87:13-55
103            android:screenOrientation="portrait" >
103-->src\main\AndroidManifest.xml:88:13-49
104            <intent-filter>
104-->src\main\AndroidManifest.xml:89:13-93:29
105                <action android:name="android.intent.action.MAIN" />
105-->src\main\AndroidManifest.xml:90:17-69
105-->src\main\AndroidManifest.xml:90:25-66
106
107                <category android:name="android.intent.category.LAUNCHER" />
107-->src\main\AndroidManifest.xml:92:17-77
107-->src\main\AndroidManifest.xml:92:27-74
108            </intent-filter>
109        </activity>
110        <activity
110-->src\main\AndroidManifest.xml:95:9-97:52
111            android:name="com.bustracking.ui.activity.NotificationActivity"
111-->src\main\AndroidManifest.xml:96:13-61
112            android:screenOrientation="portrait" />
112-->src\main\AndroidManifest.xml:97:13-49
113        <activity
113-->src\main\AndroidManifest.xml:98:9-100:52
114            android:name="com.bustracking.ui.activity.BusListActivity"
114-->src\main\AndroidManifest.xml:99:13-56
115            android:screenOrientation="portrait" />
115-->src\main\AndroidManifest.xml:100:13-49
116        <activity
116-->src\main\AndroidManifest.xml:101:9-104:70
117            android:name="com.bustracking.ui.activity.ProfileSettingsActivity"
117-->src\main\AndroidManifest.xml:102:13-64
118            android:screenOrientation="portrait"
118-->src\main\AndroidManifest.xml:103:13-49
119            android:windowSoftInputMode="stateHidden|adjustResize" />
119-->src\main\AndroidManifest.xml:104:13-67
120
121        <service
121-->[com.google.firebase:firebase-firestore:21.5.0] AndroidManifest.xml:17:9-23:19
122            android:name="com.google.firebase.components.ComponentDiscoveryService"
122-->[com.google.firebase:firebase-firestore:21.5.0] AndroidManifest.xml:18:13-84
123            android:directBootAware="true"
123-->[com.google.firebase:firebase-common:19.3.0] AndroidManifest.xml:34:13-43
124            android:exported="false" >
124-->[com.google.firebase:firebase-firestore:21.5.0] AndroidManifest.xml:19:13-37
125            <meta-data
125-->[com.google.firebase:firebase-firestore:21.5.0] AndroidManifest.xml:20:13-22:85
126                android:name="com.google.firebase.components:com.google.firebase.firestore.FirestoreRegistrar"
126-->[com.google.firebase:firebase-firestore:21.5.0] AndroidManifest.xml:21:17-111
127                android:value="com.google.firebase.components.ComponentRegistrar" />
127-->[com.google.firebase:firebase-firestore:21.5.0] AndroidManifest.xml:22:17-82
128            <meta-data
128-->[com.google.firebase:firebase-auth:19.3.2] AndroidManifest.xml:36:13-38:85
129                android:name="com.google.firebase.components:com.google.firebase.auth.FirebaseAuthRegistrar"
129-->[com.google.firebase:firebase-auth:19.3.2] AndroidManifest.xml:37:17-109
130                android:value="com.google.firebase.components.ComponentRegistrar" />
130-->[com.google.firebase:firebase-auth:19.3.2] AndroidManifest.xml:38:17-82
131            <meta-data
131-->[com.google.firebase:firebase-messaging:20.2.3] AndroidManifest.xml:39:13-41:85
132                android:name="com.google.firebase.components:com.google.firebase.messaging.FirebaseMessagingRegistrar"
132-->[com.google.firebase:firebase-messaging:20.2.3] AndroidManifest.xml:40:17-119
133                android:value="com.google.firebase.components.ComponentRegistrar" />
133-->[com.google.firebase:firebase-messaging:20.2.3] AndroidManifest.xml:41:17-82
134            <meta-data
134-->[com.google.firebase:firebase-iid:20.2.3] AndroidManifest.xml:32:13-34:85
135                android:name="com.google.firebase.components:com.google.firebase.iid.Registrar"
135-->[com.google.firebase:firebase-iid:20.2.3] AndroidManifest.xml:33:17-96
136                android:value="com.google.firebase.components.ComponentRegistrar" />
136-->[com.google.firebase:firebase-iid:20.2.3] AndroidManifest.xml:34:17-82
137            <meta-data
137-->[com.google.android.gms:play-services-measurement-api:17.4.4] AndroidManifest.xml:30:13-32:85
138                android:name="com.google.firebase.components:com.google.firebase.analytics.connector.internal.AnalyticsConnectorRegistrar"
138-->[com.google.android.gms:play-services-measurement-api:17.4.4] AndroidManifest.xml:31:17-139
139                android:value="com.google.firebase.components.ComponentRegistrar" />
139-->[com.google.android.gms:play-services-measurement-api:17.4.4] AndroidManifest.xml:32:17-82
140            <meta-data
140-->[com.google.firebase:firebase-datatransport:17.0.3] AndroidManifest.xml:28:13-30:85
141                android:name="com.google.firebase.components:com.google.firebase.datatransport.TransportRegistrar"
141-->[com.google.firebase:firebase-datatransport:17.0.3] AndroidManifest.xml:29:17-115
142                android:value="com.google.firebase.components.ComponentRegistrar" />
142-->[com.google.firebase:firebase-datatransport:17.0.3] AndroidManifest.xml:30:17-82
143            <meta-data
143-->[com.google.firebase:firebase-installations:16.3.2] AndroidManifest.xml:17:13-19:85
144                android:name="com.google.firebase.components:com.google.firebase.installations.FirebaseInstallationsRegistrar"
144-->[com.google.firebase:firebase-installations:16.3.2] AndroidManifest.xml:18:17-127
145                android:value="com.google.firebase.components.ComponentRegistrar" />
145-->[com.google.firebase:firebase-installations:16.3.2] AndroidManifest.xml:19:17-82
146        </service>
147
148        <activity
148-->[com.google.firebase:firebase-auth:19.3.2] AndroidManifest.xml:24:9-31:50
149            android:name="com.google.firebase.auth.internal.FederatedSignInActivity"
149-->[com.google.firebase:firebase-auth:19.3.2] AndroidManifest.xml:25:13-85
150            android:excludeFromRecents="true"
150-->[com.google.firebase:firebase-auth:19.3.2] AndroidManifest.xml:26:13-46
151            android:exported="true"
151-->[com.google.firebase:firebase-auth:19.3.2] AndroidManifest.xml:27:13-36
152            android:launchMode="singleTask"
152-->[com.google.firebase:firebase-auth:19.3.2] AndroidManifest.xml:28:13-44
153            android:permission="com.google.firebase.auth.api.gms.permission.LAUNCH_FEDERATED_SIGN_IN"
153-->[com.google.firebase:firebase-auth:19.3.2] AndroidManifest.xml:29:13-102
154            android:theme="@android:style/Theme.Translucent.NoTitleBar" />
154-->[com.google.firebase:firebase-auth:19.3.2] AndroidManifest.xml:30:13-72
155        <activity
155-->[com.google.android.gms:play-services-auth:18.1.0] AndroidManifest.xml:23:9-27:75
156            android:name="com.google.android.gms.auth.api.signin.internal.SignInHubActivity"
156-->[com.google.android.gms:play-services-auth:18.1.0] AndroidManifest.xml:24:13-93
157            android:excludeFromRecents="true"
157-->[com.google.android.gms:play-services-auth:18.1.0] AndroidManifest.xml:25:13-46
158            android:exported="false"
158-->[com.google.android.gms:play-services-auth:18.1.0] AndroidManifest.xml:26:13-37
159            android:theme="@android:style/Theme.Translucent.NoTitleBar" />
159-->[com.google.android.gms:play-services-auth:18.1.0] AndroidManifest.xml:27:13-72
160        <!--
161            Service handling Google Sign-In user revocation. For apps that do not integrate with
162            Google Sign-In, this service will never be started.
163        -->
164        <service
164-->[com.google.android.gms:play-services-auth:18.1.0] AndroidManifest.xml:33:9-37:51
165            android:name="com.google.android.gms.auth.api.signin.RevocationBoundService"
165-->[com.google.android.gms:play-services-auth:18.1.0] AndroidManifest.xml:34:13-89
166            android:exported="true"
166-->[com.google.android.gms:play-services-auth:18.1.0] AndroidManifest.xml:35:13-36
167            android:permission="com.google.android.gms.auth.api.signin.permission.REVOCATION_NOTIFICATION"
167-->[com.google.android.gms:play-services-auth:18.1.0] AndroidManifest.xml:36:13-107
168            android:visibleToInstantApps="true" />
168-->[com.google.android.gms:play-services-auth:18.1.0] AndroidManifest.xml:37:13-48
169        <!--
170             FirebaseMessagingService performs security checks at runtime,
171             but set to not exported to explicitly avoid allowing another app to call it.
172        -->
173        <service
173-->[com.google.firebase:firebase-messaging:20.2.3] AndroidManifest.xml:28:9-35:19
174            android:name="com.google.firebase.messaging.FirebaseMessagingService"
174-->[com.google.firebase:firebase-messaging:20.2.3] AndroidManifest.xml:29:13-82
175            android:directBootAware="true"
175-->[com.google.firebase:firebase-messaging:20.2.3] AndroidManifest.xml:30:13-43
176            android:exported="false" >
176-->[com.google.firebase:firebase-messaging:20.2.3] AndroidManifest.xml:31:13-37
177            <intent-filter android:priority="-500" >
177-->src\main\AndroidManifest.xml:32:13-34:29
178                <action android:name="com.google.firebase.MESSAGING_EVENT" />
178-->src\main\AndroidManifest.xml:33:17-78
178-->src\main\AndroidManifest.xml:33:25-75
179            </intent-filter>
180        </service>
181
182        <receiver
182-->[com.google.firebase:firebase-iid:20.2.3] AndroidManifest.xml:37:9-44:20
183            android:name="com.google.firebase.iid.FirebaseInstanceIdReceiver"
183-->[com.google.firebase:firebase-iid:20.2.3] AndroidManifest.xml:38:13-78
184            android:exported="true"
184-->[com.google.firebase:firebase-iid:20.2.3] AndroidManifest.xml:39:13-36
185            android:permission="com.google.android.c2dm.permission.SEND" >
185-->[com.google.firebase:firebase-iid:20.2.3] AndroidManifest.xml:40:13-73
186            <intent-filter>
186-->[com.google.firebase:firebase-iid:20.2.3] AndroidManifest.xml:41:13-43:29
187                <action android:name="com.google.android.c2dm.intent.RECEIVE" />
187-->[com.google.firebase:firebase-iid:20.2.3] AndroidManifest.xml:42:17-81
187-->[com.google.firebase:firebase-iid:20.2.3] AndroidManifest.xml:42:25-78
188            </intent-filter>
189        </receiver>
190        <receiver
190-->[com.google.android.gms:play-services-measurement:17.4.4] AndroidManifest.xml:29:9-33:20
191            android:name="com.google.android.gms.measurement.AppMeasurementReceiver"
191-->[com.google.android.gms:play-services-measurement:17.4.4] AndroidManifest.xml:30:13-85
192            android:enabled="true"
192-->[com.google.android.gms:play-services-measurement:17.4.4] AndroidManifest.xml:31:13-35
193            android:exported="false" >
193-->[com.google.android.gms:play-services-measurement:17.4.4] AndroidManifest.xml:32:13-37
194        </receiver>
195
196        <service
196-->[com.google.android.gms:play-services-measurement:17.4.4] AndroidManifest.xml:35:9-38:40
197            android:name="com.google.android.gms.measurement.AppMeasurementService"
197-->[com.google.android.gms:play-services-measurement:17.4.4] AndroidManifest.xml:36:13-84
198            android:enabled="true"
198-->[com.google.android.gms:play-services-measurement:17.4.4] AndroidManifest.xml:37:13-35
199            android:exported="false" />
199-->[com.google.android.gms:play-services-measurement:17.4.4] AndroidManifest.xml:38:13-37
200        <service
200-->[com.google.android.gms:play-services-measurement:17.4.4] AndroidManifest.xml:39:9-43:72
201            android:name="com.google.android.gms.measurement.AppMeasurementJobService"
201-->[com.google.android.gms:play-services-measurement:17.4.4] AndroidManifest.xml:40:13-87
202            android:enabled="true"
202-->[com.google.android.gms:play-services-measurement:17.4.4] AndroidManifest.xml:41:13-35
203            android:exported="false"
203-->[com.google.android.gms:play-services-measurement:17.4.4] AndroidManifest.xml:42:13-37
204            android:permission="android.permission.BIND_JOB_SERVICE" />
204-->[com.google.android.gms:play-services-measurement:17.4.4] AndroidManifest.xml:43:13-69
205
206        <activity
206-->[com.google.android.gms:play-services-base:17.1.0] AndroidManifest.xml:23:9-26:75
207            android:name="com.google.android.gms.common.api.GoogleApiActivity"
207-->[com.google.android.gms:play-services-base:17.1.0] AndroidManifest.xml:24:13-79
208            android:exported="false"
208-->[com.google.android.gms:play-services-base:17.1.0] AndroidManifest.xml:25:13-37
209            android:theme="@android:style/Theme.Translucent.NoTitleBar" />
209-->[com.google.android.gms:play-services-base:17.1.0] AndroidManifest.xml:26:13-72
210
211        <provider
211-->[com.google.firebase:firebase-common:19.3.0] AndroidManifest.xml:26:9-30:39
212            android:name="com.google.firebase.provider.FirebaseInitProvider"
212-->[com.google.firebase:firebase-common:19.3.0] AndroidManifest.xml:27:13-77
213            android:authorities="com.bustracking.firebaseinitprovider"
213-->[com.google.firebase:firebase-common:19.3.0] AndroidManifest.xml:28:13-72
214            android:exported="false"
214-->[com.google.firebase:firebase-common:19.3.0] AndroidManifest.xml:29:13-37
215            android:initOrder="100" />
215-->[com.google.firebase:firebase-common:19.3.0] AndroidManifest.xml:30:13-36
216
217        <service
217-->[com.google.android.datatransport:transport-backend-cct:2.2.0] AndroidManifest.xml:29:9-35:19
218            android:name="com.google.android.datatransport.runtime.backends.TransportBackendDiscovery"
218-->[com.google.android.datatransport:transport-backend-cct:2.2.0] AndroidManifest.xml:30:13-103
219            android:exported="false" >
219-->[com.google.android.datatransport:transport-backend-cct:2.2.0] AndroidManifest.xml:31:13-37
220            <meta-data
220-->[com.google.android.datatransport:transport-backend-cct:2.2.0] AndroidManifest.xml:32:13-34:39
221                android:name="backend:com.google.android.datatransport.cct.CctBackendFactory"
221-->[com.google.android.datatransport:transport-backend-cct:2.2.0] AndroidManifest.xml:33:17-94
222                android:value="cct" />
222-->[com.google.android.datatransport:transport-backend-cct:2.2.0] AndroidManifest.xml:34:17-36
223        </service>
224        <service
224-->[com.google.android.datatransport:transport-runtime:2.2.0] AndroidManifest.xml:26:9-30:19
225            android:name="com.google.android.datatransport.runtime.scheduling.jobscheduling.JobInfoSchedulerService"
225-->[com.google.android.datatransport:transport-runtime:2.2.0] AndroidManifest.xml:27:13-117
226            android:exported="false"
226-->[com.google.android.datatransport:transport-runtime:2.2.0] AndroidManifest.xml:28:13-37
227            android:permission="android.permission.BIND_JOB_SERVICE" >
227-->[com.google.android.datatransport:transport-runtime:2.2.0] AndroidManifest.xml:29:13-69
228        </service>
229
230        <receiver
230-->[com.google.android.datatransport:transport-runtime:2.2.0] AndroidManifest.xml:32:9-34:40
231            android:name="com.google.android.datatransport.runtime.scheduling.jobscheduling.AlarmManagerSchedulerBroadcastReceiver"
231-->[com.google.android.datatransport:transport-runtime:2.2.0] AndroidManifest.xml:33:13-132
232            android:exported="false" />
232-->[com.google.android.datatransport:transport-runtime:2.2.0] AndroidManifest.xml:34:13-37
233
234        <provider
234-->[androidx.lifecycle:lifecycle-process:2.2.0] AndroidManifest.xml:25:9-29:43
235            android:name="androidx.lifecycle.ProcessLifecycleOwnerInitializer"
235-->[androidx.lifecycle:lifecycle-process:2.2.0] AndroidManifest.xml:26:13-79
236            android:authorities="com.bustracking.lifecycle-process"
236-->[androidx.lifecycle:lifecycle-process:2.2.0] AndroidManifest.xml:27:13-69
237            android:exported="false"
237-->[androidx.lifecycle:lifecycle-process:2.2.0] AndroidManifest.xml:28:13-37
238            android:multiprocess="true" />
238-->[androidx.lifecycle:lifecycle-process:2.2.0] AndroidManifest.xml:29:13-40
239    </application>
240
241</manifest>